# JRE version: OpenJDK Runtime Environment (11.0.12+7) (build 11.0.12+7-b1504.28-7817840)
# Java VM: OpenJDK 64-Bit Server VM (11.0.12+7-b1504.28-7817840, mixed mode, tiered, compressed oops, g1 gc, windows-amd64)
Heap:
 garbage-first heap   total 792576K, used 263274K [0x0000000080000000, 0x0000000100000000)
  region size 1024K, 17 young (17408K), 17 survivors (17408K)
 Metaspace       used 137376K, capacity 141112K, committed 143692K, reserved 1173504K
  class space    used 16968K, capacity 18362K, committed 19352K, reserved 1048576K
GC Heap History (20 events):
Event: 762.811 GC heap after
{Heap after GC invocations=74 (full 0):
 garbage-first heap   total 324608K, used 205489K [0x0000000080000000, 0x0000000100000000)
  region size 1024K, 5 young (5120K), 5 survivors (5120K)
 Metaspace       used 135916K, capacity 139608K, committed 142412K, reserved 1173504K
  class space    used 16943K, capacity 18309K, committed 19352K, reserved 1048576K
}
Event: 763.074 GC heap before
{Heap before GC invocations=75 (full 0):
 garbage-first heap   total 324608K, used 273073K [0x0000000080000000, 0x0000000100000000)
  region size 1024K, 72 young (73728K), 5 survivors (5120K)
 Metaspace       used 136201K, capacity 139969K, committed 142668K, reserved 1173504K
  class space    used 16946K, capacity 18341K, committed 19352K, reserved 1048576K
}
Event: 763.097 GC heap after
{Heap after GC invocations=76 (full 0):
 garbage-first heap   total 390144K, used 210927K [0x0000000080000000, 0x0000000100000000)
  region size 1024K, 9 young (9216K), 9 survivors (9216K)
 Metaspace       used 136201K, capacity 139969K, committed 142668K, reserved 1173504K
  class space    used 16946K, capacity 18341K, committed 19352K, reserved 1048576K
}
Event: 763.123 GC heap before
{Heap before GC invocations=76 (full 0):
 garbage-first heap   total 390144K, used 220143K [0x0000000080000000, 0x0000000100000000)
  region size 1024K, 19 young (19456K), 9 survivors (9216K)
 Metaspace       used 136201K, capacity 139969K, committed 142668K, reserved 1173504K
  class space    used 16946K, capacity 18341K, committed 19352K, reserved 1048576K
}
Event: 763.139 GC heap after
{Heap after GC invocations=77 (full 0):
 garbage-first heap   total 390144K, used 203355K [0x0000000080000000, 0x0000000100000000)
  region size 1024K, 2 young (2048K), 2 survivors (2048K)
 Metaspace       used 136201K, capacity 139969K, committed 142668K, reserved 1173504K
  class space    used 16946K, capacity 18341K, committed 19352K, reserved 1048576K
}
Event: 763.421 GC heap before
{Heap before GC invocations=77 (full 0):
 garbage-first heap   total 390144K, used 311899K [0x0000000080000000, 0x0000000100000000)
  region size 1024K, 109 young (111616K), 2 survivors (2048K)
 Metaspace       used 136205K, capacity 139974K, committed 142668K, reserved 1173504K
  class space    used 16947K, capacity 18343K, committed 19352K, reserved 1048576K
}
Event: 763.439 GC heap after
{Heap after GC invocations=78 (full 0):
 garbage-first heap   total 390144K, used 210591K [0x0000000080000000, 0x0000000100000000)
  region size 1024K, 9 young (9216K), 9 survivors (9216K)
 Metaspace       used 136205K, capacity 139974K, committed 142668K, reserved 1173504K
  class space    used 16947K, capacity 18343K, committed 19352K, reserved 1048576K
}
Event: 763.698 GC heap before
{Heap before GC invocations=78 (full 0):
 garbage-first heap   total 390144K, used 317087K [0x0000000080000000, 0x0000000100000000)
  region size 1024K, 114 young (116736K), 9 survivors (9216K)
 Metaspace       used 136219K, capacity 139988K, committed 142668K, reserved 1173504K
  class space    used 16951K, capacity 18348K, committed 19352K, reserved 1048576K
}
Event: 763.715 GC heap after
{Heap after GC invocations=79 (full 0):
 garbage-first heap   total 390144K, used 218390K [0x0000000080000000, 0x0000000100000000)
  region size 1024K, 9 young (9216K), 9 survivors (9216K)
 Metaspace       used 136219K, capacity 139988K, committed 142668K, reserved 1173504K
  class space    used 16951K, capacity 18348K, committed 19352K, reserved 1048576K
}
Event: 763.933 GC heap before
{Heap before GC invocations=79 (full 0):
 garbage-first heap   total 390144K, used 320790K [0x0000000080000000, 0x0000000100000000)
  region size 1024K, 110 young (112640K), 9 survivors (9216K)
 Metaspace       used 136221K, capacity 139988K, committed 142668K, reserved 1173504K
  class space    used 16951K, capacity 18348K, committed 19352K, reserved 1048576K
}
Event: 763.946 GC heap after
{Heap after GC invocations=80 (full 0):
 garbage-first heap   total 390144K, used 225384K [0x0000000080000000, 0x0000000100000000)
  region size 1024K, 8 young (8192K), 8 survivors (8192K)
 Metaspace       used 136221K, capacity 139988K, committed 142668K, reserved 1173504K
  class space    used 16951K, capacity 18348K, committed 19352K, reserved 1048576K
}
Event: 764.246 GC heap before
{Heap before GC invocations=80 (full 0):
 garbage-first heap   total 390144K, used 324712K [0x0000000080000000, 0x0000000100000000)
  region size 1024K, 106 young (108544K), 8 survivors (8192K)
 Metaspace       used 136294K, capacity 140070K, committed 142668K, reserved 1173504K
  class space    used 16959K, capacity 18352K, committed 19352K, reserved 1048576K
}
Event: 764.317 GC heap after
{Heap after GC invocations=81 (full 0):
 garbage-first heap   total 465920K, used 225594K [0x0000000080000000, 0x0000000100000000)
  region size 1024K, 8 young (8192K), 8 survivors (8192K)
 Metaspace       used 136294K, capacity 140070K, committed 142668K, reserved 1173504K
  class space    used 16959K, capacity 18352K, committed 19352K, reserved 1048576K
}
Event: 765.022 GC heap before
{Heap before GC invocations=81 (full 0):
 garbage-first heap   total 465920K, used 365882K [0x0000000080000000, 0x0000000100000000)
  region size 1024K, 145 young (148480K), 8 survivors (8192K)
 Metaspace       used 136794K, capacity 140569K, committed 143180K, reserved 1173504K
  class space    used 16963K, capacity 18358K, committed 19352K, reserved 1048576K
}
Event: 765.044 GC heap after
{Heap after GC invocations=82 (full 0):
 garbage-first heap   total 465920K, used 229904K [0x0000000080000000, 0x0000000100000000)
  region size 1024K, 13 young (13312K), 13 survivors (13312K)
 Metaspace       used 136794K, capacity 140569K, committed 143180K, reserved 1173504K
  class space    used 16963K, capacity 18358K, committed 19352K, reserved 1048576K
}
Event: 765.423 GC heap before
{Heap before GC invocations=82 (full 0):
 garbage-first heap   total 465920K, used 374288K [0x0000000080000000, 0x0000000100000000)
  region size 1024K, 155 young (158720K), 13 survivors (13312K)
 Metaspace       used 137013K, capacity 140736K, committed 143180K, reserved 1173504K
  class space    used 16965K, capacity 18362K, committed 19352K, reserved 1048576K
}
Event: 765.445 GC heap after
{Heap after GC invocations=83 (full 0):
 garbage-first heap   total 465920K, used 236514K [0x0000000080000000, 0x0000000100000000)
  region size 1024K, 16 young (16384K), 16 survivors (16384K)
 Metaspace       used 137013K, capacity 140736K, committed 143180K, reserved 1173504K
  class space    used 16965K, capacity 18362K, committed 19352K, reserved 1048576K
}
Event: 765.803 GC heap before
{Heap before GC invocations=83 (full 0):
 garbage-first heap   total 465920K, used 387042K [0x0000000080000000, 0x0000000100000000)
  region size 1024K, 164 young (167936K), 16 survivors (16384K)
 Metaspace       used 137291K, capacity 141035K, committed 143436K, reserved 1173504K
  class space    used 16968K, capacity 18362K, committed 19352K, reserved 1048576K
}
Event: 765.839 GC heap after
{Heap after GC invocations=84 (full 0):
 garbage-first heap   total 465920K, used 247959K [0x0000000080000000, 0x0000000100000000)
  region size 1024K, 20 young (20480K), 20 survivors (20480K)
 Metaspace       used 137291K, capacity 141035K, committed 143436K, reserved 1173504K
  class space    used 16968K, capacity 18362K, committed 19352K, reserved 1048576K
}
Event: 766.110 GC heap before
{Heap before GC invocations=84 (full 0):
 garbage-first heap   total 465920K, used 388247K [0x0000000080000000, 0x0000000100000000)
  region size 1024K, 158 young (161792K), 20 survivors (20480K)
 Metaspace       used 137376K, capacity 141112K, committed 143692K, reserved 1173504K
  class space    used 16968K, capacity 18362K, committed 19352K, reserved 1048576K
}

