# JRE version: OpenJDK Runtime Environment (11.0.12+7) (build 11.0.12+7-b1504.28-7817840)
# Java VM: OpenJDK 64-Bit Server VM (11.0.12+7-b1504.28-7817840, mixed mode, tiered, compressed oops, g1 gc, windows-amd64)
Heap:
 garbage-first heap   total 390144K, used 204714K [0x0000000080000000, 0x0000000100000000)
  region size 1024K, 7 young (7168K), 7 survivors (7168K)
 Metaspace       used 144721K, capacity 148690K, committed 148816K, reserved 1177600K
  class space    used 18289K, capacity 19897K, committed 19968K, reserved 1048576K
GC Heap History (20 events):
Event: 3093.096 GC heap after
{Heap after GC invocations=50 (full 0):
 garbage-first heap   total 225280K, used 165692K [0x0000000080000000, 0x0000000100000000)
  region size 1024K, 4 young (4096K), 4 survivors (4096K)
 Metaspace       used 126524K, capacity 129361K, committed 130000K, reserved 1163264K
  class space    used 15793K, capacity 16838K, committed 17024K, reserved 1048576K
}
Event: 3093.284 GC heap before
{Heap before GC invocations=51 (full 0):
 garbage-first heap   total 225280K, used 190268K [0x0000000080000000, 0x0000000100000000)
  region size 1024K, 28 young (28672K), 4 survivors (4096K)
 Metaspace       used 128380K, capacity 131186K, committed 131920K, reserved 1165312K
  class space    used 15949K, capacity 16998K, committed 17152K, reserved 1048576K
}
Event: 3093.291 GC heap after
{Heap after GC invocations=52 (full 0):
 garbage-first heap   total 225280K, used 168633K [0x0000000080000000, 0x0000000100000000)
  region size 1024K, 3 young (3072K), 3 survivors (3072K)
 Metaspace       used 128380K, capacity 131186K, committed 131920K, reserved 1165312K
  class space    used 15949K, capacity 16998K, committed 17152K, reserved 1048576K
}
Event: 3093.326 GC heap before
{Heap before GC invocations=52 (full 0):
 garbage-first heap   total 225280K, used 176825K [0x0000000080000000, 0x0000000100000000)
  region size 1024K, 11 young (11264K), 3 survivors (3072K)
 Metaspace       used 128403K, capacity 131186K, committed 131920K, reserved 1165312K
  class space    used 15949K, capacity 16998K, committed 17152K, reserved 1048576K
}
Event: 3093.332 GC heap after
{Heap after GC invocations=53 (full 0):
 garbage-first heap   total 270336K, used 168243K [0x0000000080000000, 0x0000000100000000)
  region size 1024K, 1 young (1024K), 1 survivors (1024K)
 Metaspace       used 128403K, capacity 131186K, committed 131920K, reserved 1165312K
  class space    used 15949K, capacity 16998K, committed 17152K, reserved 1048576K
}
Event: 3093.555 GC heap before
{Heap before GC invocations=53 (full 0):
 garbage-first heap   total 270336K, used 207155K [0x0000000080000000, 0x0000000100000000)
  region size 1024K, 40 young (40960K), 1 survivors (1024K)
 Metaspace       used 129245K, capacity 131989K, committed 132816K, reserved 1165312K
  class space    used 16001K, capacity 17031K, committed 17280K, reserved 1048576K
}
Event: 3093.561 GC heap after
{Heap after GC invocations=54 (full 0):
 garbage-first heap   total 270336K, used 170705K [0x0000000080000000, 0x0000000100000000)
  region size 1024K, 4 young (4096K), 4 survivors (4096K)
 Metaspace       used 129245K, capacity 131989K, committed 132816K, reserved 1165312K
  class space    used 16001K, capacity 17031K, committed 17280K, reserved 1048576K
}
Event: 3093.824 GC heap before
{Heap before GC invocations=54 (full 0):
 garbage-first heap   total 270336K, used 210641K [0x0000000080000000, 0x0000000100000000)
  region size 1024K, 44 young (45056K), 4 survivors (4096K)
 Metaspace       used 130137K, capacity 132946K, committed 133584K, reserved 1165312K
  class space    used 16080K, capacity 17133K, committed 17280K, reserved 1048576K
}
Event: 3093.830 GC heap after
{Heap after GC invocations=55 (full 0):
 garbage-first heap   total 270336K, used 171072K [0x0000000080000000, 0x0000000100000000)
  region size 1024K, 4 young (4096K), 4 survivors (4096K)
 Metaspace       used 130137K, capacity 132946K, committed 133584K, reserved 1165312K
  class space    used 16080K, capacity 17133K, committed 17280K, reserved 1048576K
}
Event: 3094.321 GC heap before
{Heap before GC invocations=55 (full 0):
 garbage-first heap   total 270336K, used 214080K [0x0000000080000000, 0x0000000100000000)
  region size 1024K, 47 young (48128K), 4 survivors (4096K)
 Metaspace       used 131093K, capacity 133922K, committed 134480K, reserved 1167360K
  class space    used 16195K, capacity 17266K, committed 17408K, reserved 1048576K
}
Event: 3094.327 GC heap after
{Heap after GC invocations=56 (full 0):
 garbage-first heap   total 270336K, used 172323K [0x0000000080000000, 0x0000000100000000)
  region size 1024K, 3 young (3072K), 3 survivors (3072K)
 Metaspace       used 131093K, capacity 133922K, committed 134480K, reserved 1167360K
  class space    used 16195K, capacity 17266K, committed 17408K, reserved 1048576K
}
Event: 3094.565 GC heap before
{Heap before GC invocations=56 (full 0):
 garbage-first heap   total 270336K, used 217379K [0x0000000080000000, 0x0000000100000000)
  region size 1024K, 48 young (49152K), 3 survivors (3072K)
 Metaspace       used 131300K, capacity 134153K, committed 134736K, reserved 1167360K
  class space    used 16211K, capacity 17299K, committed 17408K, reserved 1048576K
}
Event: 3094.572 GC heap after
{Heap after GC invocations=57 (full 0):
 garbage-first heap   total 324608K, used 175528K [0x0000000080000000, 0x0000000100000000)
  region size 1024K, 6 young (6144K), 6 survivors (6144K)
 Metaspace       used 131300K, capacity 134153K, committed 134736K, reserved 1167360K
  class space    used 16211K, capacity 17299K, committed 17408K, reserved 1048576K
}
Event: 3095.361 GC heap before
{Heap before GC invocations=57 (full 0):
 garbage-first heap   total 324608K, used 248232K [0x0000000080000000, 0x0000000100000000)
  region size 1024K, 78 young (79872K), 6 survivors (6144K)
 Metaspace       used 132843K, capacity 135763K, committed 136144K, reserved 1167360K
  class space    used 16357K, capacity 17417K, committed 17536K, reserved 1048576K
}
Event: 3095.371 GC heap after
{Heap after GC invocations=58 (full 0):
 garbage-first heap   total 324608K, used 179879K [0x0000000080000000, 0x0000000100000000)
  region size 1024K, 9 young (9216K), 9 survivors (9216K)
 Metaspace       used 132843K, capacity 135763K, committed 136144K, reserved 1167360K
  class space    used 16357K, capacity 17417K, committed 17536K, reserved 1048576K
}
Event: 3096.531 GC heap before
{Heap before GC invocations=58 (full 0):
 garbage-first heap   total 324608K, used 254631K [0x0000000080000000, 0x0000000100000000)
  region size 1024K, 83 young (84992K), 9 survivors (9216K)
 Metaspace       used 136810K, capacity 139957K, committed 140112K, reserved 1171456K
  class space    used 16922K, capacity 18129K, committed 18176K, reserved 1048576K
}
Event: 3096.547 GC heap after
{Heap after GC invocations=59 (full 0):
 garbage-first heap   total 324608K, used 188750K [0x0000000080000000, 0x0000000100000000)
  region size 1024K, 11 young (11264K), 11 survivors (11264K)
 Metaspace       used 136810K, capacity 139957K, committed 140112K, reserved 1171456K
  class space    used 16922K, capacity 18129K, committed 18176K, reserved 1048576K
}
Event: 3096.886 GC heap before
{Heap before GC invocations=59 (full 0):
 garbage-first heap   total 324608K, used 258382K [0x0000000080000000, 0x0000000100000000)
  region size 1024K, 80 young (81920K), 11 survivors (11264K)
 Metaspace       used 141373K, capacity 145050K, committed 145360K, reserved 1175552K
  class space    used 17738K, capacity 19231K, committed 19328K, reserved 1048576K
}
Event: 3096.906 GC heap after
{Heap after GC invocations=60 (full 0):
 garbage-first heap   total 324608K, used 197362K [0x0000000080000000, 0x0000000100000000)
  region size 1024K, 10 young (10240K), 10 survivors (10240K)
 Metaspace       used 141373K, capacity 145050K, committed 145360K, reserved 1175552K
  class space    used 17738K, capacity 19231K, committed 19328K, reserved 1048576K
}
Event: 3097.196 GC heap before
{Heap before GC invocations=60 (full 0):
 garbage-first heap   total 324608K, used 261874K [0x0000000080000000, 0x0000000100000000)
  region size 1024K, 74 young (75776K), 10 survivors (10240K)
 Metaspace       used 144721K, capacity 148690K, committed 148816K, reserved 1177600K
  class space    used 18289K, capacity 19897K, committed 19968K, reserved 1048576K
}

